Flutter crash report; please file at https://github.com/flutter/flutter/issues.

## command

flutter doctor

## exception

ArgumentError: Invalid argument(s): Cannot find executable for C:\Users\Thilagavathi\AppData\Local\Android\sdk\platform-tools\adb.

```
#0      _getExecutable (package:process/src/interface/local_process_manager.dart:113:5)
#1      LocalProcessManager.runSync (package:process/src/interface/local_process_manager.dart:84:7)
#2      _runWithLoggingSync (package:flutter_tools/src/base/process.dart:324:48)
#3      runSync (package:flutter_tools/src/base/process.dart:298:10)
#4      getAdbDevices (package:flutter_tools/src/android/android_device.dart:536:23)
#5      AndroidDevices.pollingGetDevices (package:flutter_tools/src/android/android_device.dart:54:53)
<asynchronous suspension>
#6      PollingDeviceDiscovery.devices (package:flutter_tools/src/device.dart:163:56)
<asynchronous suspension>
#7      DeviceManager.getAllConnectedDevices (package:flutter_tools/src/device.dart:91:46)
<asynchronous suspension>
#8      DeviceValidator.validate (package:flutter_tools/src/doctor.dart:647:54)
<asynchronous suspension>
#9      Doctor.startValidatorTasks (package:flutter_tools/src/doctor.dart:105:56)
#10     Doctor.diagnose (package:flutter_tools/src/doctor.dart:183:42)
#11     _AsyncAwaitCompleter.start (dart:async/runtime/libasync_patch.dart:49:6)
#12     Doctor.diagnose (package:flutter_tools/src/doctor.dart:173:24)
#13     DoctorCommand.runCommand (package:flutter_tools/src/commands/doctor.dart:29:39)
#14     _AsyncAwaitCompleter.start (dart:async/runtime/libasync_patch.dart:49:6)
#15     DoctorCommand.runCommand (package:flutter_tools/src/commands/doctor.dart:28:42)
#16     FlutterCommand.verifyThenRunCommand (package:flutter_tools/src/runner/flutter_command.dart:372:18)
#17     _asyncThenWrapperHelper.<anonymous closure> (dart:async/runtime/libasync_patch.dart:77:64)
#18     _rootRunUnary (dart:async/zone.dart:1132:38)
#19     _CustomZone.runUnary (dart:async/zone.dart:1029:19)
#20     _FutureListener.handleValue (dart:async/future_impl.dart:129:18)
#21     Future._propagateToListeners.handleValueCallback (dart:async/future_impl.dart:642:45)
#22     Future._propagateToListeners (dart:async/future_impl.dart:671:32)
#23     Future._complete (dart:async/future_impl.dart:476:7)
#24     _SyncCompleter.complete (dart:async/future_impl.dart:51:12)
#25     _AsyncAwaitCompleter.complete.<anonymous closure> (dart:async/runtime/libasync_patch.dart:33:20)
#26     _rootRun (dart:async/zone.dart:1124:13)
#27     _CustomZone.run (dart:async/zone.dart:1021:19)
#28     _CustomZone.bindCallback.<anonymous closure> (dart:async/zone.dart:947:23)
#29     _microtaskLoop (dart:async/schedule_microtask.dart:41:21)
#30     _startMicrotaskLoop (dart:async/schedule_microtask.dart:50:5)
#31     _runPendingImmediateCallback (dart:isolate/runtime/libisolate_patch.dart:115:13)
#32     _RawReceivePortImpl._handleMessage (dart:isolate/runtime/libisolate_patch.dart:172:5)
```

## flutter doctor

```
encountered exception: Invalid argument(s): Cannot find executable for C:\Users\Thilagavathi\AppData\Local\Android\sdk\platform-tools\adb.

#0      _getExecutable (package:process/src/interface/local_process_manager.dart:113:5)
#1      LocalProcessManager.runSync (package:process/src/interface/local_process_manager.dart:84:7)
#2      _runWithLoggingSync (package:flutter_tools/src/base/process.dart:324:48)
#3      runSync (package:flutter_tools/src/base/process.dart:298:10)
#4      getAdbDevices (package:flutter_tools/src/android/android_device.dart:536:23)
#5      AndroidDevices.pollingGetDevices (package:flutter_tools/src/android/android_device.dart:54:53)
<asynchronous suspension>
#6      PollingDeviceDiscovery.devices (package:flutter_tools/src/device.dart:163:56)
<asynchronous suspension>
#7      DeviceManager.getAllConnectedDevices (package:flutter_tools/src/device.dart:91:46)
<asynchronous suspension>
#8      DeviceValidator.validate (package:flutter_tools/src/doctor.dart:647:54)
<asynchronous suspension>
#9      Doctor.startValidatorTasks (package:flutter_tools/src/doctor.dart:105:56)
#10     Doctor.diagnose (package:flutter_tools/src/doctor.dart:183:42)
#11     _AsyncAwaitCompleter.start (dart:async/runtime/libasync_patch.dart:49:6)
#12     Doctor.diagnose (package:flutter_tools/src/doctor.dart:173:24)
#13     _doctorText.<anonymous closure> (package:flutter_tools/runner.dart:194:26)
#14     AppContext.run.<anonymous closure> (package:flutter_tools/src/base/context.dart:142:29)
#15     _AsyncAwaitCompleter.start (dart:async/runtime/libasync_patch.dart:49:6)
#16     AppContext.run.<anonymous closure> (package:flutter_tools/src/base/context.dart:142:7)
#17     _rootRun (dart:async/zone.dart:1124:13)
#18     _CustomZone.run (dart:async/zone.dart:1021:19)
#19     _runZoned (dart:async/zone.dart:1516:10)
#20     runZoned (dart:async/zone.dart:1463:12)
#21     AppContext.run (package:flutter_tools/src/base/context.dart:141:18)
#22     _AsyncAwaitCompleter.start (dart:async/runtime/libasync_patch.dart:49:6)
#23     AppContext.run (package:flutter_tools/src/base/context.dart:129:19)
#24     _doctorText (package:flutter_tools/runner.dart:193:19)
#25     _AsyncAwaitCompleter.start (dart:async/runtime/libasync_patch.dart:49:6)
#26     _doctorText (package:flutter_tools/runner.dart:189:27)
#27     _createLocalCrashReport (package:flutter_tools/runner.dart:171:32)
#28     _AsyncAwaitCompleter.start (dart:async/runtime/libasync_patch.dart:49:6)
#29     _createLocalCrashReport (package:flutter_tools/runner.dart:156:37)
#30     _handleToolError (package:flutter_tools/runner.dart:126:33)
#31     _asyncThenWrapperHelper.<anonymous closure> (dart:async/runtime/libasync_patch.dart:77:64)
#32     _rootRunUnary (dart:async/zone.dart:1132:38)
#33     _CustomZone.runUnary (dart:async/zone.dart:1029:19)
#34     _FutureListener.handleValue (dart:async/future_impl.dart:129:18)
#35     Future._propagateToListeners.handleValueCallback (dart:async/future_impl.dart:642:45)
#36     Future._propagateToListeners (dart:async/future_impl.dart:671:32)
#37     Future._complete (dart:async/future_impl.dart:476:7)
#38     _SyncCompleter.complete (dart:async/future_impl.dart:51:12)
#39     _AsyncAwaitCompleter.complete (dart:async/runtime/libasync_patch.dart:28:18)
#40     _completeOnAsyncReturn (dart:async/runtime/libasync_patch.dart:295:13)
#41     CrashReportSender.sendReport (package:flutter_tools/src/crash_reporting.dart)
#42     _asyncThenWrapperHelper.<anonymous closure> (dart:async/runtime/libasync_patch.dart:77:64)
#43     _rootRunUnary (dart:async/zone.dart:1132:38)
#44     _CustomZone.runUnary (dart:async/zone.dart:1029:19)
#45     _FutureListener.handleValue (dart:async/future_impl.dart:129:18)
#46     Future._propagateToListeners.handleValueCallback (dart:async/future_impl.dart:642:45)
#47     Future._propagateToListeners (dart:async/future_impl.dart:671:32)
#48     Future._complete (dart:async/future_impl.dart:476:7)
#49     Stream.fold.<anonymous closure> (dart:async/stream.dart:725:18)
#50     _rootRun (dart:async/zone.dart:1120:38)
#51     _CustomZone.run (dart:async/zone.dart:1021:19)
#52     _CustomZone.runGuarded (dart:async/zone.dart:923:7)
#53     _BufferingStreamSubscription._sendDone.sendDone (dart:async/stream_impl.dart:389:13)
#54     _BufferingStreamSubscription._sendDone (dart:async/stream_impl.dart:399:15)
#55     _BufferingStreamSubscription._close (dart:async/stream_impl.dart:283:7)
#56     _SinkTransformerStreamSubscription._close (dart:async/stream_transformers.dart:96:11)
#57     _EventSinkWrapper.close (dart:async/stream_transformers.dart:23:11)
#58     _StringAdapterSink.close (dart:convert/string_conversion.dart:281:11)
#59     _Utf8ConversionSink.close (dart:convert/string_conversion.dart:336:20)
#60     _ConverterStreamEventSink.close (dart:convert/chunked_conversion.dart:94:18)
#61     _SinkTransformerStreamSubscription._handleDone (dart:async/stream_transformers.dart:141:24)
#62     _rootRun (dart:async/zone.dart:1120:38)
#63     _CustomZone.run (dart:async/zone.dart:1021:19)
#64     _CustomZone.runGuarded (dart:async/zone.dart:923:7)
#65     _BufferingStreamSubscription._sendDone.sendDone (dart:async/stream_impl.dart:389:13)
#66     _BufferingStreamSubscription._sendDone (dart:async/stream_impl.dart:399:15)
#67     _BufferingStreamSubscription._close (dart:async/stream_impl.dart:283:7)
#68     _ForwardingStream._handleDone (dart:async/stream_pipe.dart:106:10)
#69     _ForwardingStreamSubscription._handleDone (dart:async/stream_pipe.dart:172:13)
#70     _rootRun (dart:async/zone.dart:1120:38)
#71     _CustomZone.run (dart:async/zone.dart:1021:19)
#72     _CustomZone.runGuarded (dart:async/zone.dart:923:7)
#73     _BufferingStreamSubscription._sendDone.sendDone (dart:async/stream_impl.dart:389:13)
#74     _BufferingStreamSubscription._sendDone (dart:async/stream_impl.dart:399:15)
#75     _BufferingStreamSubscription._close (dart:async/stream_impl.dart:283:7)
#76     _SinkTransformerStreamSubscription._close (dart:async/stream_transformers.dart:96:11)
#77     _EventSinkWrapper.close (dart:async/stream_transformers.dart:23:11)
#78     _ByteAdapterSink.close (dart:convert/byte_conversion.dart:70:11)
#79     _FilterSink.close (dart:io/data_transformer.dart:636:11)
#80     _ConverterStreamEventSink.close (dart:convert/chunked_conversion.dart:94:18)
#81     _SinkTransformerStreamSubscription._handleDone (dart:async/stream_transformers.dart:141:24)
#82     _rootRun (dart:async/zone.dart:1120:38)
#83     _CustomZone.run (dart:async/zone.dart:1021:19)
#84     _CustomZone.runGuarded (dart:async/zone.dart:923:7)
#85     _BufferingStreamSubscription._sendDone.sendDone (dart:async/stream_impl.dart:389:13)
#86     _BufferingStreamSubscription._sendDone (dart:async/stream_impl.dart:399:15)
#87     _BufferingStreamSubscription._close (dart:async/stream_impl.dart:283:7)
#88     _ForwardingStream._handleDone (dart:async/stream_pipe.dart:106:10)
#89     _ForwardingStreamSubscription._handleDone (dart:async/stream_pipe.dart:172:13)
#90     _rootRun (dart:async/zone.dart:1120:38)
#91     _CustomZone.run (dart:async/zone.dart:1021:19)
#92     _CustomZone.runGuarded (dart:async/zone.dart:923:7)
#93     _BufferingStreamSubscription._sendDone.sendDone (dart:async/stream_impl.dart:389:13)
#94     _BufferingStreamSubscription._sendDone (dart:async/stream_impl.dart:399:15)
#95     _BufferingStreamSubscription._close (dart:async/stream_impl.dart:283:7)
#96     _SyncStreamController._sendDone (dart:async/stream_controller.dart:771:19)
#97     _StreamController._closeUnchecked (dart:async/stream_controller.dart:628:7)
#98     _StreamController.close (dart:async/stream_controller.dart:621:5)
#99     _HttpParser._closeIncoming (dart:_http/http_parser.dart:1037:23)
#100    _HttpParser._doParse (dart:_http/http_parser.dart:752:11)
#101    _HttpParser._parse (dart:_http/http_parser.dart:318:7)
#102    _HttpParser._onData (dart:_http/http_parser.dart:810:5)
#103    _rootRunUnary (dart:async/zone.dart:1132:38)
#104    _CustomZone.runUnary (dart:async/zone.dart:1029:19)
#105    _CustomZone.runUnaryGuarded (dart:async/zone.dart:931:7)
#106    _BufferingStreamSubscription._sendData (dart:async/stream_impl.dart:336:11)
#107    _BufferingStreamSubscription._add (dart:async/stream_impl.dart:263:7)
#108    _SyncStreamController._sendData (dart:async/stream_controller.dart:763:19)
#109    _StreamController._add (dart:async/stream_controller.dart:639:7)
#110    _StreamController.add (dart:async/stream_controller.dart:585:5)
#111    _Socket._onData (dart:io/runtime/binsocket_patch.dart:1714:41)
#112    _rootRunUnary (dart:async/zone.dart:1132:38)
#113    _CustomZone.runUnary (dart:async/zone.dart:1029:19)
#114    _CustomZone.runUnaryGuarded (dart:async/zone.dart:931:7)
#115    _BufferingStreamSubscription._sendData (dart:async/stream_impl.dart:336:11)
#116    _BufferingStreamSubscription._add (dart:async/stream_impl.dart:263:7)
#117    _SyncStreamController._sendData (dart:async/stream_controller.dart:763:19)
#118    _StreamController._add (dart:async/stream_controller.dart:639:7)
#119    _StreamController.add (dart:async/stream_controller.dart:585:5)
#120    _RawSecureSocket._sendReadEvent (dart:io/secure_socket.dart:1004:19)
#121    _rootRun (dart:async/zone.dart:1120:38)
#122    _CustomZone.run (dart:async/zone.dart:1021:19)
#123    _CustomZone.runGuarded (dart:async/zone.dart:923:7)
#124    _CustomZone.bindCallbackGuarded.<anonymous closure> (dart:async/zone.dart:963:23)
#125    _rootRun (dart:async/zone.dart:1124:13)
#126    _CustomZone.run (dart:async/zone.dart:1021:19)
#127    _CustomZone.bindCallback.<anonymous closure> (dart:async/zone.dart:947:23)
#128    Timer._createTimer.<anonymous closure> (dart:async/runtime/libtimer_patch.dart:21:15)
#129    _Timer._runTimers (dart:isolate/runtime/libtimer_impl.dart:382:19)
#130    _Timer._handleMessage (dart:isolate/runtime/libtimer_impl.dart:416:5)
#131    _RawReceivePortImpl._handleMessage (dart:isolate/runtime/libisolate_patch.dart:171:12)
```
